<?xml version="1.0" encoding="UTF-8"?>
<robot generator="Robot 7.1 (Python 3.12.3 on win32)" generated="2024-10-09T17:22:27.873149" rpa="false" schemaversion="5">
<suite id="s1" name="RobotFramework" source="C:\Users\Admin\PycharmProjects\Automation\RobotFramework.robot">
<test id="s1-t1" name="Open Notepad and Type Text" line="11">
<kw name="Open Application" owner="AppiumLibrary">
<kw name="Capture Page Screenshot" owner="AppiumLibrary">
<msg time="2024-10-09T17:22:28.190396" level="FAIL">No application is open</msg>
<doc>Takes a screenshot of the current page and embeds it into the log.</doc>
<status status="FAIL" start="2024-10-09T17:22:28.190396" elapsed="0.000000">No application is open</status>
</kw>
<msg time="2024-10-09T17:22:28.190396" level="WARN">Keyword 'Capture Page Screenshot' could not be run on failure: No application is open</msg>
<msg time="2024-10-09T17:22:28.190396" level="FAIL">WebDriverException: Message: 
</msg>
<arg>${REMOTE_URL}</arg>
<arg>platformName=${PLATFORM_NAME}</arg>
<arg>app=${APP}</arg>
<doc>Opens a new application to given Appium server.
Capabilities of appium server, Android and iOS,
Please check https://appium.io/docs/en/2.1/cli/args/
| *Option*            | *Man.* | *Description*     |
| remote_url          | Yes    | Appium server url |
| alias               | no     | alias             |
| strict_ssl          | No     | allows you to send commands to an invalid certificate host like a self-signed one. |</doc>
<status status="FAIL" start="2024-10-09T17:22:28.063475" elapsed="0.126921">WebDriverException: Message: 
</status>
</kw>
<kw name="Sleep" owner="BuiltIn">
<arg>2s</arg>
<doc>Pauses the test executed for the given time.</doc>
<status status="NOT RUN" start="2024-10-09T17:22:28.190396" elapsed="0.000000"/>
</kw>
<kw name="Input Text" owner="AppiumLibrary">
<arg>name=Text Editor</arg>
<arg>Hello, this is an automated test in Notepad!</arg>
<doc>Types the given `text` into text field identified by `locator`.</doc>
<status status="NOT RUN" start="2024-10-09T17:22:28.190396" elapsed="0.000000"/>
</kw>
<kw name="Sleep" owner="BuiltIn">
<arg>2s</arg>
<doc>Pauses the test executed for the given time.</doc>
<status status="NOT RUN" start="2024-10-09T17:22:28.190396" elapsed="0.000000"/>
</kw>
<kw name="Close Application" owner="AppiumLibrary">
<doc>Closes the current application and also close webdriver session.</doc>
<status status="NOT RUN" start="2024-10-09T17:22:28.190396" elapsed="0.000000"/>
</kw>
<kw name="Custom Message" owner="CustomLibrary">
<arg>This is a test using a Python keyword</arg>
<status status="NOT RUN" start="2024-10-09T17:22:28.190396" elapsed="0.000000"/>
</kw>
<status status="FAIL" start="2024-10-09T17:22:28.063475" elapsed="0.126921">WebDriverException: Message: 
</status>
</test>
<status status="FAIL" start="2024-10-09T17:22:27.888124" elapsed="0.302272"/>
</suite>
<statistics>
<total>
<stat pass="0" fail="1" skip="0">All Tests</stat>
</total>
<tag>
</tag>
<suite>
<stat pass="0" fail="1" skip="0" id="s1" name="RobotFramework">RobotFramework</stat>
</suite>
</statistics>
<errors>
<msg time="2024-10-09T17:22:28.190396" level="WARN">Keyword 'Capture Page Screenshot' could not be run on failure: No application is open</msg>
</errors>
</robot>
